<?xml version="1.0" encoding="UTF-8"?>
<!-- Generated by org.testng.reporters.JUnitReportReporter -->
<testsuite skipped="0" hostname="DESKTOP-5DIGRH6" name="com.WW.WW.SeleniumTest" tests="2" failures="0" timestamp="21 Jan 2019 01:18:32 GMT" time="0.002" errors="0">
  <testcase name="elementsUi" time="0.001" classname="com.WW.WW.SeleniumTest"/>
  <testcase name="BrowserAUtomation" time="0.001" classname="com.WW.WW.SeleniumTest"/>
</testsuite> <!-- com.WW.WW.SeleniumTest -->
