<?xml version="1.0" encoding="UTF-8"?>
<!-- Generated by org.testng.reporters.JUnitReportReporter -->
<testsuite skipped="0" hostname="DESKTOP-5DIGRH6" name="com.WW.WW.RestApiTest" tests="1" failures="0" timestamp="21 Jan 2019 01:18:32 GMT" time="0.001" errors="0">
  <testcase name="Btest_3" time="0.001" classname="com.WW.WW.RestApiTest"/>
</testsuite> <!-- com.WW.WW.RestApiTest -->
