<?xml version="1.0" encoding="UTF-8"?>
<!-- Generated by org.testng.reporters.JUnitReportReporter -->
<testsuite skipped="0" hostname="DESKTOP-5DIGRH6" name="com.WW.WW.AppiumTest" tests="2" failures="0" timestamp="21 Jan 2019 01:18:32 GMT" time="0.009" errors="0">
  <testcase name="NativeAPpAndroid" time="0.001" classname="com.WW.WW.AppiumTest"/>
  <testcase name="IOSApps" time="0.008" classname="com.WW.WW.AppiumTest"/>
</testsuite> <!-- com.WW.WW.AppiumTest -->
