<?xml version="1.0" encoding="UTF-8"?>
<!-- Generated by org.testng.reporters.JUnitReportReporter -->
<testsuite skipped="0" hostname="DESKTOP-5DIGRH6" name="Practice_DriverScript.Driver" tests="1" failures="0" timestamp="02 Dec 2018 01:49:15 GMT" time="0.000" errors="0">
  <testcase name="FileInput" time="0.000" classname="Practice_DriverScript.Driver"/>
</testsuite> <!-- Practice_DriverScript.Driver -->
