<?xml version="1.0" encoding="UTF-8"?>
<!-- Generated by org.testng.reporters.JUnitReportReporter -->
<testsuite skipped="0" hostname="DESKTOP-5DIGRH6" name="WWProject.Question1.FileContainingWord.ConstractorForBrowsers" tests="1" failures="0" timestamp="01 Dec 2018 23:51:55 GMT" time="0.016" errors="0">
  <testcase name="doesFileExist" time="0.016" classname="WWProject.Question1.FileContainingWord.ConstractorForBrowsers"/>
</testsuite> <!-- WWProject.Question1.FileContainingWord.ConstractorForBrowsers -->
