<?xml version="1.0" encoding="UTF-8"?>
<!-- Generated by org.testng.reporters.JUnitReportReporter -->
<testsuite skipped="0" hostname="DESKTOP-5DIGRH6" name="DriverScript.Driver" tests="3" failures="0" timestamp="02 Dec 2018 23:57:18 GMT" time="15.630" errors="0">
  <testcase name="Question_1" time="0.000" classname="DriverScript.Driver"/>
  <testcase name="Question_2" time="15.626" classname="DriverScript.Driver"/>
  <testcase name="Question_3" time="0.004" classname="DriverScript.Driver"/>
</testsuite> <!-- DriverScript.Driver -->
