<?xml version="1.0" encoding="UTF-8"?>
<!-- Generated by org.testng.reporters.JUnitReportReporter -->
<testsuite skipped="0" hostname="DESKTOP-5DIGRH6" name="Lib.RandomNumber" tests="1" failures="0" timestamp="02 Dec 2018 23:17:15 GMT" time="0.013" errors="0">
  <testcase name="R_Number" time="0.013" classname="Lib.RandomNumber"/>
</testsuite> <!-- Lib.RandomNumber -->
